2025-10-27 23:55:32,186 WARNING Using CPU. Note: This module is much faster with a GPU.
2025-10-27 23:55:36,995 INFO Starting automated eCourts scraper
2025-10-27 23:55:36,996 INFO Searching state=Bombay High Court bench=Principal Bench, Mumbai kw=kumar year=2020 type=party
2025-10-27 23:55:48,421 INFO Saved 1 results to CSV.
2025-10-27 23:55:50,464 INFO Searching state=Bombay High Court bench=Principal Bench, Mumbai kw=kumar year=2020 type=case_no
2025-10-27 23:55:51,123 INFO Saved 1 results to CSV.
2025-10-27 23:55:53,500 INFO Searching state=Bombay High Court bench=Principal Bench, Mumbai kw=kumar year=2021 type=party
2025-10-27 23:55:55,732 WARNING Invalid captcha or no results.
2025-10-27 23:55:58,970 INFO Searching state=Bombay High Court bench=Principal Bench, Mumbai kw=kumar year=2021 type=case_no
2025-10-27 23:56:00,876 INFO Saved 1 results to CSV.
2025-10-27 23:56:03,302 INFO Searching state=Bombay High Court bench=Principal Bench, Mumbai kw=kumar year=2022 type=party
2025-10-27 23:56:20,838 INFO Saved 1 results to CSV.
2025-10-27 23:56:23,929 INFO Searching state=Bombay High Court bench=Principal Bench, Mumbai kw=kumar year=2022 type=case_no
2025-10-27 23:56:26,004 WARNING OCR failed or low confidence; aborting this search.
2025-10-27 23:56:28,366 INFO Searching state=Bombay High Court bench=Principal Bench, Mumbai kw=kumar year=2023 type=party
2025-10-27 23:56:50,063 INFO Saved 1 results to CSV.
2025-10-27 23:56:52,801 INFO Searching state=Bombay High Court bench=Principal Bench, Mumbai kw=kumar year=2023 type=case_no
2025-10-27 23:56:56,727 INFO Saved 1 results to CSV.
2025-10-27 23:56:59,043 INFO Searching state=Bombay High Court bench=Principal Bench, Mumbai kw=kumar year=2024 type=party
2025-10-27 23:57:06,860 INFO Saved 1 results to CSV.
2025-10-27 23:57:10,037 INFO Searching state=Bombay High Court bench=Principal Bench, Mumbai kw=kumar year=2024 type=case_no
2025-10-27 23:57:10,464 ERROR Failed to download captcha: ('Connection aborted.', RemoteDisconnected('Remote end closed connection without response'))
2025-10-27 23:57:10,465 WARNING Captcha not downloaded; aborting this search.
2025-10-27 23:57:12,813 INFO Searching state=Bombay High Court bench=Principal Bench, Mumbai kw=patel year=2020 type=party
2025-10-27 23:57:16,047 WARNING Invalid captcha or no results.
2025-10-27 23:57:19,902 INFO Searching state=Bombay High Court bench=Principal Bench, Mumbai kw=patel year=2020 type=case_no
2025-10-27 23:57:21,028 INFO Saved 1 results to CSV.
2025-10-27 23:57:24,990 INFO Searching state=Bombay High Court bench=Principal Bench, Mumbai kw=patel year=2021 type=party
2025-10-27 23:57:31,687 INFO Saved 1 results to CSV.
2025-10-27 23:57:35,125 INFO Searching state=Bombay High Court bench=Principal Bench, Mumbai kw=patel year=2021 type=case_no
2025-10-27 23:57:37,784 INFO Saved 1 results to CSV.
2025-10-27 23:57:40,475 INFO Searching state=Bombay High Court bench=Principal Bench, Mumbai kw=patel year=2022 type=party
2025-10-27 23:57:41,436 INFO Saved 1 results to CSV.
2025-10-27 23:57:44,749 INFO Searching state=Bombay High Court bench=Principal Bench, Mumbai kw=patel year=2022 type=case_no
2025-10-27 23:57:45,407 INFO Saved 1 results to CSV.
2025-10-27 23:57:49,036 INFO Searching state=Bombay High Court bench=Principal Bench, Mumbai kw=patel year=2023 type=party
2025-10-27 23:57:49,933 WARNING OCR failed or low confidence; aborting this search.
2025-10-27 23:57:52,632 INFO Searching state=Bombay High Court bench=Principal Bench, Mumbai kw=patel year=2023 type=case_no
2025-10-27 23:57:53,440 INFO Saved 1 results to CSV.
2025-10-27 23:57:56,824 INFO Searching state=Bombay High Court bench=Principal Bench, Mumbai kw=patel year=2024 type=party
2025-10-27 23:57:57,530 WARNING OCR failed or low confidence; aborting this search.
2025-10-27 23:58:00,538 INFO Searching state=Bombay High Court bench=Principal Bench, Mumbai kw=patel year=2024 type=case_no
2025-10-27 23:58:01,937 INFO Saved 1 results to CSV.
2025-10-27 23:58:05,283 INFO Searching state=Allahabad High Court bench=Principal Bench, Allahabad kw=kumar year=2020 type=party
2025-10-27 23:58:06,428 INFO Saved 1 results to CSV.
2025-10-27 23:58:09,717 INFO Searching state=Allahabad High Court bench=Principal Bench, Allahabad kw=kumar year=2020 type=case_no
2025-10-27 23:58:10,448 WARNING OCR failed or low confidence; aborting this search.
2025-10-27 23:58:13,121 INFO Searching state=Allahabad High Court bench=Principal Bench, Allahabad kw=kumar year=2021 type=party
2025-10-27 23:58:14,189 WARNING Invalid captcha or no results.
2025-10-27 23:58:16,278 INFO Searching state=Allahabad High Court bench=Principal Bench, Allahabad kw=kumar year=2021 type=case_no
2025-10-27 23:58:17,410 INFO Saved 1 results to CSV.
2025-10-27 23:58:20,362 INFO Searching state=Allahabad High Court bench=Principal Bench, Allahabad kw=kumar year=2022 type=party
2025-10-27 23:58:21,021 WARNING Invalid captcha or no results.
2025-10-27 23:58:24,951 INFO Searching state=Allahabad High Court bench=Principal Bench, Allahabad kw=kumar year=2022 type=case_no
2025-10-27 23:58:26,173 INFO Saved 1 results to CSV.
2025-10-27 23:58:29,189 INFO Searching state=Allahabad High Court bench=Principal Bench, Allahabad kw=kumar year=2023 type=party
2025-10-27 23:58:30,497 WARNING OCR failed or low confidence; aborting this search.
2025-10-27 23:58:34,295 INFO Searching state=Allahabad High Court bench=Principal Bench, Allahabad kw=kumar year=2023 type=case_no
2025-10-27 23:58:34,713 ERROR Failed to download captcha: ('Connection aborted.', RemoteDisconnected('Remote end closed connection without response'))
2025-10-27 23:58:34,714 WARNING Captcha not downloaded; aborting this search.
2025-10-27 23:58:36,977 INFO Searching state=Allahabad High Court bench=Principal Bench, Allahabad kw=kumar year=2024 type=party
2025-10-27 23:58:41,212 WARNING Invalid captcha or no results.
2025-10-27 23:58:43,257 INFO Searching state=Allahabad High Court bench=Principal Bench, Allahabad kw=kumar year=2024 type=case_no
2025-10-27 23:58:45,052 INFO Saved 1 results to CSV.
2025-10-27 23:58:47,823 INFO Searching state=Allahabad High Court bench=Principal Bench, Allahabad kw=patel year=2020 type=party
2025-10-27 23:58:49,941 INFO Saved 1 results to CSV.
2025-10-27 23:58:52,984 INFO Searching state=Allahabad High Court bench=Principal Bench, Allahabad kw=patel year=2020 type=case_no
2025-10-27 23:58:53,607 INFO Saved 1 results to CSV.
2025-10-27 23:58:56,143 INFO Searching state=Allahabad High Court bench=Principal Bench, Allahabad kw=patel year=2021 type=party
2025-10-27 23:58:57,131 INFO Saved 1 results to CSV.
2025-10-27 23:59:00,615 INFO Searching state=Allahabad High Court bench=Principal Bench, Allahabad kw=patel year=2021 type=case_no
2025-10-27 23:59:01,698 INFO Saved 1 results to CSV.
2025-10-27 23:59:04,891 INFO Searching state=Allahabad High Court bench=Principal Bench, Allahabad kw=patel year=2022 type=party
2025-10-27 23:59:06,268 WARNING Invalid captcha or no results.
2025-10-27 23:59:10,113 INFO Searching state=Allahabad High Court bench=Principal Bench, Allahabad kw=patel year=2022 type=case_no
2025-10-27 23:59:11,435 INFO Saved 1 results to CSV.
2025-10-27 23:59:13,982 INFO Searching state=Allahabad High Court bench=Principal Bench, Allahabad kw=patel year=2023 type=party
2025-10-27 23:59:15,062 WARNING Invalid captcha or no results.
2025-10-27 23:59:17,156 INFO Searching state=Allahabad High Court bench=Principal Bench, Allahabad kw=patel year=2023 type=case_no
2025-10-27 23:59:18,591 INFO Saved 1 results to CSV.
2025-10-27 23:59:22,361 INFO Searching state=Allahabad High Court bench=Principal Bench, Allahabad kw=patel year=2024 type=party
2025-10-27 23:59:23,299 INFO Saved 1 results to CSV.
2025-10-27 23:59:27,010 INFO Searching state=Allahabad High Court bench=Principal Bench, Allahabad kw=patel year=2024 type=case_no
2025-10-27 23:59:28,935 INFO Saved 1 results to CSV.
2025-10-27 23:59:31,086 INFO \u2705 Scraping completed successfully.
2025-10-28 00:27:26,965 WARNING Using CPU. Note: This module is much faster with a GPU.
2025-10-28 00:27:32,293 INFO \U0001f680 Starting automated eCourts scraper
2025-10-28 00:30:54,220 WARNING Using CPU. Note: This module is much faster with a GPU.
2025-10-28 00:30:59,569 INFO \U0001f680 Starting automated eCourts scraper
2025-10-28 00:31:29,392 WARNING Using CPU. Note: This module is much faster with a GPU.
2025-10-28 00:31:33,941 INFO \U0001f680 Starting automated eCourts scraper
2025-10-28 00:32:16,336 WARNING Using CPU. Note: This module is much faster with a GPU.
2025-10-28 00:32:20,850 INFO \U0001f680 Starting automated eCourts scraper
2025-10-28 00:32:46,407 WARNING Using CPU. Note: This module is much faster with a GPU.
2025-10-28 00:32:50,953 INFO \U0001f680 Starting automated eCourts scraper
2025-10-28 00:47:53,612 WARNING Using CPU. Note: This module is much faster with a GPU.
2025-10-28 00:47:59,269 INFO Searching state=Bombay High Court bench=Principal Bench, Mumbai kw=kumar year=2020 type=party
2025-10-28 00:48:11,923 INFO Saved 1 results to CSV and PostgreSQL.
2025-10-28 00:48:15,697 INFO Searching state=Bombay High Court bench=Principal Bench, Mumbai kw=kumar year=2020 type=case_no
2025-10-28 00:48:15,872 ERROR Failed to download captcha: ('Connection aborted.', RemoteDisconnected('Remote end closed connection without response'))
2025-10-28 00:48:15,873 WARNING Captcha not downloaded; aborting this search.
2025-10-28 00:48:19,752 INFO Searching state=Bombay High Court bench=Principal Bench, Mumbai kw=kumar year=2021 type=party
2025-10-28 00:48:30,622 INFO Saved 1 results to CSV and PostgreSQL.
2025-10-28 00:48:33,704 INFO Searching state=Bombay High Court bench=Principal Bench, Mumbai kw=kumar year=2021 type=case_no
2025-10-28 00:48:34,557 INFO Saved 1 results to CSV and PostgreSQL.
2025-10-28 00:48:37,871 INFO Searching state=Bombay High Court bench=Principal Bench, Mumbai kw=kumar year=2022 type=party
2025-10-28 00:48:48,839 INFO Saved 1 results to CSV and PostgreSQL.
2025-10-28 00:48:52,030 INFO Searching state=Bombay High Court bench=Principal Bench, Mumbai kw=kumar year=2022 type=case_no
2025-10-28 00:48:54,755 INFO Saved 1 results to CSV and PostgreSQL.
2025-10-28 00:48:56,784 INFO Searching state=Bombay High Court bench=Principal Bench, Mumbai kw=kumar year=2023 type=party
2025-10-28 00:49:17,811 INFO Saved 1 results to CSV and PostgreSQL.
2025-10-28 00:49:20,229 INFO Searching state=Bombay High Court bench=Principal Bench, Mumbai kw=kumar year=2023 type=case_no
2025-10-28 00:49:22,830 INFO Saved 1 results to CSV and PostgreSQL.
2025-10-28 00:49:25,226 INFO Searching state=Bombay High Court bench=Principal Bench, Mumbai kw=kumar year=2024 type=party
2025-10-28 00:49:37,907 INFO Saved 1 results to CSV and PostgreSQL.
2025-10-28 00:49:41,484 INFO Searching state=Bombay High Court bench=Principal Bench, Mumbai kw=kumar year=2024 type=case_no
2025-10-28 00:49:44,284 INFO Saved 1 results to CSV and PostgreSQL.
2025-10-28 00:49:47,446 INFO Searching state=Bombay High Court bench=Principal Bench, Mumbai kw=patel year=2020 type=party
2025-10-28 00:49:56,055 INFO Saved 1 results to CSV and PostgreSQL.
2025-10-28 00:49:58,695 INFO Searching state=Bombay High Court bench=Principal Bench, Mumbai kw=patel year=2020 type=case_no
2025-10-28 00:50:01,208 WARNING OCR failed or low confidence; aborting this search.
2025-10-28 00:50:04,885 INFO Searching state=Bombay High Court bench=Principal Bench, Mumbai kw=patel year=2021 type=party
2025-10-28 00:50:05,821 WARNING Invalid captcha or no results.
2025-10-28 00:50:08,287 INFO Searching state=Bombay High Court bench=Principal Bench, Mumbai kw=patel year=2021 type=case_no
2025-10-28 00:50:10,080 INFO Saved 1 results to CSV and PostgreSQL.
2025-10-28 00:50:14,032 INFO Searching state=Bombay High Court bench=Principal Bench, Mumbai kw=patel year=2022 type=party
2025-10-28 00:50:14,242 ERROR Failed to download captcha: ('Connection aborted.', RemoteDisconnected('Remote end closed connection without response'))
2025-10-28 00:50:14,243 WARNING Captcha not downloaded; aborting this search.
2025-10-28 00:50:16,887 INFO Searching state=Bombay High Court bench=Principal Bench, Mumbai kw=patel year=2022 type=case_no
2025-10-28 00:50:24,028 INFO Saved 1 results to CSV and PostgreSQL.
2025-10-28 00:50:26,236 INFO Searching state=Bombay High Court bench=Principal Bench, Mumbai kw=patel year=2023 type=party
2025-10-28 00:50:29,238 WARNING Invalid captcha or no results.
2025-10-28 00:50:33,136 INFO Searching state=Bombay High Court bench=Principal Bench, Mumbai kw=patel year=2023 type=case_no
2025-10-28 00:50:34,061 INFO Saved 1 results to CSV and PostgreSQL.
2025-10-28 00:50:37,439 INFO Searching state=Bombay High Court bench=Principal Bench, Mumbai kw=patel year=2024 type=party
2025-10-28 00:50:46,495 INFO Saved 1 results to CSV and PostgreSQL.
2025-10-28 00:50:49,498 INFO Searching state=Bombay High Court bench=Principal Bench, Mumbai kw=patel year=2024 type=case_no
2025-10-28 00:50:52,234 INFO Saved 1 results to CSV and PostgreSQL.
2025-10-28 00:50:55,790 INFO Searching state=Allahabad High Court bench=Principal Bench, Allahabad kw=kumar year=2020 type=party
2025-10-28 00:50:56,729 INFO Saved 1 results to CSV and PostgreSQL.
2025-10-28 00:51:00,355 INFO Searching state=Allahabad High Court bench=Principal Bench, Allahabad kw=kumar year=2020 type=case_no
2025-10-28 00:51:01,303 INFO Saved 1 results to CSV and PostgreSQL.
2025-10-28 00:51:04,032 INFO Searching state=Allahabad High Court bench=Principal Bench, Allahabad kw=kumar year=2021 type=party
2025-10-28 00:51:04,944 INFO Saved 1 results to CSV and PostgreSQL.
2025-10-28 00:51:07,007 INFO Searching state=Allahabad High Court bench=Principal Bench, Allahabad kw=kumar year=2021 type=case_no
2025-10-28 00:51:07,970 INFO Saved 1 results to CSV and PostgreSQL.
2025-10-28 00:51:11,229 INFO Searching state=Allahabad High Court bench=Principal Bench, Allahabad kw=kumar year=2022 type=party
2025-10-28 00:51:12,128 INFO Saved 1 results to CSV and PostgreSQL.
2025-10-28 00:51:14,518 INFO Searching state=Allahabad High Court bench=Principal Bench, Allahabad kw=kumar year=2022 type=case_no
2025-10-28 00:51:15,291 INFO Saved 1 results to CSV and PostgreSQL.
2025-10-28 00:51:18,037 INFO Searching state=Allahabad High Court bench=Principal Bench, Allahabad kw=kumar year=2023 type=party
2025-10-28 00:51:18,693 WARNING Invalid captcha or no results.
2025-10-28 00:51:21,758 INFO Searching state=Allahabad High Court bench=Principal Bench, Allahabad kw=kumar year=2023 type=case_no
2025-10-28 00:51:22,298 WARNING OCR failed or low confidence; aborting this search.
2025-10-28 00:51:25,901 INFO Searching state=Allahabad High Court bench=Principal Bench, Allahabad kw=kumar year=2024 type=party
2025-10-28 00:51:26,528 WARNING Invalid captcha or no results.
2025-10-28 00:51:28,726 INFO Searching state=Allahabad High Court bench=Principal Bench, Allahabad kw=kumar year=2024 type=case_no
2025-10-28 00:51:29,774 INFO Saved 1 results to CSV and PostgreSQL.
2025-10-28 00:51:33,543 INFO Searching state=Allahabad High Court bench=Principal Bench, Allahabad kw=patel year=2020 type=party
2025-10-28 00:51:34,269 WARNING Invalid captcha or no results.
2025-10-28 00:51:36,926 INFO Searching state=Allahabad High Court bench=Principal Bench, Allahabad kw=patel year=2020 type=case_no
2025-10-28 00:51:37,740 INFO Saved 1 results to CSV and PostgreSQL.
2025-10-28 00:51:40,972 INFO Searching state=Allahabad High Court bench=Principal Bench, Allahabad kw=patel year=2021 type=party
2025-10-28 00:51:41,870 INFO Saved 1 results to CSV and PostgreSQL.
2025-10-28 00:51:45,765 INFO Searching state=Allahabad High Court bench=Principal Bench, Allahabad kw=patel year=2021 type=case_no
2025-10-28 00:51:46,796 INFO Saved 1 results to CSV and PostgreSQL.
2025-10-28 00:51:49,602 INFO Searching state=Allahabad High Court bench=Principal Bench, Allahabad kw=patel year=2022 type=party
2025-10-28 00:51:50,597 WARNING Invalid captcha or no results.
2025-10-28 00:51:52,879 INFO Searching state=Allahabad High Court bench=Principal Bench, Allahabad kw=patel year=2022 type=case_no
2025-10-28 00:51:55,104 INFO Saved 1 results to CSV and PostgreSQL.
2025-10-28 00:51:58,415 INFO Searching state=Allahabad High Court bench=Principal Bench, Allahabad kw=patel year=2023 type=party
2025-10-28 00:51:59,348 INFO Saved 1 results to CSV and PostgreSQL.
2025-10-28 00:52:02,499 INFO Searching state=Allahabad High Court bench=Principal Bench, Allahabad kw=patel year=2023 type=case_no
2025-10-28 00:52:03,233 INFO Saved 1 results to CSV and PostgreSQL.
2025-10-28 00:52:06,054 INFO Searching state=Allahabad High Court bench=Principal Bench, Allahabad kw=patel year=2024 type=party
2025-10-28 00:52:06,671 WARNING Invalid captcha or no results.
2025-10-28 00:52:09,499 INFO Searching state=Allahabad High Court bench=Principal Bench, Allahabad kw=patel year=2024 type=case_no
2025-10-28 00:52:10,166 INFO Saved 1 results to CSV and PostgreSQL.
2025-10-28 00:52:12,899 INFO \u2705 Scraping completed successfully.
2025-10-28 01:10:42,784 WARNING Using CPU. Note: This module is much faster with a GPU.
2025-10-28 01:10:47,138 INFO Searching state=Bombay High Court bench=Principal Bench, Mumbai kw=kumar year=2020 type=party
2025-10-28 01:10:58,157 INFO Saved 1 results to CSV and PostgreSQL.
2025-10-28 01:11:21,555 WARNING Using CPU. Note: This module is much faster with a GPU.
2025-10-28 01:11:25,329 INFO Searching state=Bombay High Court bench=Principal Bench, Mumbai kw=kumar year=2020 type=party
2025-10-28 01:11:37,649 INFO Saved 1 results to CSV and PostgreSQL.
2025-10-28 01:11:40,632 INFO Searching state=Bombay High Court bench=Principal Bench, Mumbai kw=kumar year=2020 type=case_no
2025-10-28 01:11:42,624 INFO Saved 1 results to CSV and PostgreSQL.
2025-10-28 01:11:45,865 INFO Searching state=Bombay High Court bench=Principal Bench, Mumbai kw=kumar year=2021 type=party
2025-10-28 01:11:57,086 INFO Saved 1 results to CSV and PostgreSQL.
2025-10-28 01:29:18,538 WARNING Using CPU. Note: This module is much faster with a GPU.
2025-10-28 01:32:08,687 WARNING Using CPU. Note: This module is much faster with a GPU.
2025-10-28 01:32:14,006 INFO Searching state=Bombay High Court bench=Principal Bench, Mumbai kw=kumar year=2020 type=party
2025-10-28 01:32:25,477 INFO Saved 1 results to CSV and PostgreSQL.
2025-10-28 01:32:27,942 INFO Searching state=Bombay High Court bench=Principal Bench, Mumbai kw=kumar year=2020 type=case_no
2025-10-28 01:32:28,697 INFO Saved 1 results to CSV and PostgreSQL.
2025-10-28 01:32:32,026 INFO Searching state=Bombay High Court bench=Principal Bench, Mumbai kw=kumar year=2021 type=party
2025-10-28 01:32:42,415 INFO Saved 1 results to CSV and PostgreSQL.
2025-10-28 01:32:45,516 INFO Searching state=Bombay High Court bench=Principal Bench, Mumbai kw=kumar year=2021 type=case_no
2025-10-28 01:32:46,384 INFO Saved 1 results to CSV and PostgreSQL.
2025-10-28 01:32:48,660 INFO Searching state=Bombay High Court bench=Principal Bench, Mumbai kw=kumar year=2022 type=party
2025-10-28 01:32:59,999 INFO Saved 1 results to CSV and PostgreSQL.
2025-10-28 01:33:03,104 INFO Searching state=Bombay High Court bench=Principal Bench, Mumbai kw=kumar year=2022 type=case_no
2025-10-28 01:33:03,118 ERROR Failed to download captcha: ('Connection aborted.', RemoteDisconnected('Remote end closed connection without response'))
2025-10-28 01:33:03,118 WARNING Captcha not downloaded; aborting this search.
2025-10-28 01:33:06,797 INFO Searching state=Bombay High Court bench=Principal Bench, Mumbai kw=kumar year=2023 type=party
2025-10-28 01:33:11,482 WARNING Invalid captcha or no results.
2025-10-28 01:33:15,127 INFO Searching state=Bombay High Court bench=Principal Bench, Mumbai kw=kumar year=2023 type=case_no
2025-10-28 01:33:15,737 WARNING OCR failed or low confidence; aborting this search.
2025-10-28 01:33:19,373 INFO Searching state=Bombay High Court bench=Principal Bench, Mumbai kw=kumar year=2024 type=party
2025-10-28 01:33:42,979 INFO Saved 1 results to CSV and PostgreSQL.
2025-10-28 01:33:46,506 INFO Searching state=Bombay High Court bench=Principal Bench, Mumbai kw=kumar year=2024 type=case_no
2025-10-28 01:33:50,236 INFO Saved 1 results to CSV and PostgreSQL.
2025-10-28 01:33:54,032 INFO Searching state=Bombay High Court bench=Principal Bench, Mumbai kw=patel year=2020 type=party
2025-10-28 01:33:54,744 ERROR Failed to download captcha: ('Connection aborted.', RemoteDisconnected('Remote end closed connection without response'))
2025-10-28 01:33:54,745 WARNING Captcha not downloaded; aborting this search.
2025-10-28 01:33:58,619 INFO Searching state=Bombay High Court bench=Principal Bench, Mumbai kw=patel year=2020 type=case_no
2025-10-28 01:34:04,429 WARNING OCR failed or low confidence; aborting this search.
2025-10-28 01:34:07,909 INFO Searching state=Bombay High Court bench=Principal Bench, Mumbai kw=patel year=2021 type=party
2025-10-28 01:34:14,854 INFO Saved 1 results to CSV and PostgreSQL.
2025-10-28 01:34:18,820 INFO Searching state=Bombay High Court bench=Principal Bench, Mumbai kw=patel year=2021 type=case_no
2025-10-28 01:34:18,829 ERROR Failed to download captcha: ('Connection aborted.', RemoteDisconnected('Remote end closed connection without response'))
2025-10-28 01:34:18,830 WARNING Captcha not downloaded; aborting this search.
2025-10-28 01:34:21,945 INFO Searching state=Bombay High Court bench=Principal Bench, Mumbai kw=patel year=2022 type=party
2025-10-28 01:34:34,379 INFO Saved 1 results to CSV and PostgreSQL.
2025-10-28 01:34:37,013 INFO Searching state=Bombay High Court bench=Principal Bench, Mumbai kw=patel year=2022 type=case_no
2025-10-28 01:34:37,150 ERROR Failed to download captcha: ('Connection aborted.', RemoteDisconnected('Remote end closed connection without response'))
2025-10-28 01:34:37,152 WARNING Captcha not downloaded; aborting this search.
2025-10-28 01:34:40,589 INFO Searching state=Bombay High Court bench=Principal Bench, Mumbai kw=patel year=2023 type=party
2025-10-28 01:34:52,675 INFO Saved 1 results to CSV and PostgreSQL.
2025-10-28 01:34:55,634 INFO Searching state=Bombay High Court bench=Principal Bench, Mumbai kw=patel year=2023 type=case_no
2025-10-28 01:34:58,774 INFO Saved 1 results to CSV and PostgreSQL.
2025-10-28 01:35:02,340 INFO Searching state=Bombay High Court bench=Principal Bench, Mumbai kw=patel year=2024 type=party
2025-10-28 01:35:09,200 INFO Saved 1 results to CSV and PostgreSQL.
2025-10-28 01:35:11,320 INFO Searching state=Bombay High Court bench=Principal Bench, Mumbai kw=patel year=2024 type=case_no
2025-10-28 01:35:13,241 INFO Saved 1 results to CSV and PostgreSQL.
2025-10-28 01:35:15,735 INFO Searching state=Allahabad High Court bench=Principal Bench, Allahabad kw=kumar year=2020 type=party
2025-10-28 01:35:16,724 WARNING Invalid captcha or no results.
2025-10-28 01:35:20,418 INFO Searching state=Allahabad High Court bench=Principal Bench, Allahabad kw=kumar year=2020 type=case_no
2025-10-28 01:35:21,692 INFO Saved 1 results to CSV and PostgreSQL.
2025-10-28 01:35:25,018 INFO Searching state=Allahabad High Court bench=Principal Bench, Allahabad kw=kumar year=2021 type=party
2025-10-28 01:35:26,182 WARNING Invalid captcha or no results.
2025-10-28 01:35:29,037 INFO Searching state=Allahabad High Court bench=Principal Bench, Allahabad kw=kumar year=2021 type=case_no
2025-10-28 01:35:30,491 INFO Saved 1 results to CSV and PostgreSQL.
2025-10-28 01:35:32,926 INFO Searching state=Allahabad High Court bench=Principal Bench, Allahabad kw=kumar year=2022 type=party
2025-10-28 01:35:34,260 INFO Saved 1 results to CSV and PostgreSQL.
2025-10-28 01:35:36,566 INFO Searching state=Allahabad High Court bench=Principal Bench, Allahabad kw=kumar year=2022 type=case_no
2025-10-28 01:35:37,776 INFO Saved 1 results to CSV and PostgreSQL.
2025-10-28 01:35:40,958 INFO Searching state=Allahabad High Court bench=Principal Bench, Allahabad kw=kumar year=2023 type=party
2025-10-28 01:35:42,339 INFO Saved 1 results to CSV and PostgreSQL.
2025-10-28 01:35:46,253 INFO Searching state=Allahabad High Court bench=Principal Bench, Allahabad kw=kumar year=2023 type=case_no
2025-10-28 01:35:47,556 INFO Saved 1 results to CSV and PostgreSQL.
2025-10-28 01:35:50,571 INFO Searching state=Allahabad High Court bench=Principal Bench, Allahabad kw=kumar year=2024 type=party
2025-10-28 01:35:51,810 INFO Saved 1 results to CSV and PostgreSQL.
2025-10-28 01:35:55,590 INFO Searching state=Allahabad High Court bench=Principal Bench, Allahabad kw=kumar year=2024 type=case_no
2025-10-28 01:35:57,090 INFO Saved 1 results to CSV and PostgreSQL.
2025-10-28 01:36:00,164 INFO Searching state=Allahabad High Court bench=Principal Bench, Allahabad kw=patel year=2020 type=party
2025-10-28 01:36:02,557 INFO Saved 1 results to CSV and PostgreSQL.
2025-10-28 01:36:05,916 INFO Searching state=Allahabad High Court bench=Principal Bench, Allahabad kw=patel year=2020 type=case_no
2025-10-28 01:36:07,481 WARNING OCR failed or low confidence; aborting this search.
2025-10-28 01:36:09,772 INFO Searching state=Allahabad High Court bench=Principal Bench, Allahabad kw=patel year=2021 type=party
2025-10-28 01:36:10,700 WARNING OCR failed or low confidence; aborting this search.
2025-10-28 01:36:13,402 INFO Searching state=Allahabad High Court bench=Principal Bench, Allahabad kw=patel year=2021 type=case_no
2025-10-28 01:36:14,523 INFO Saved 1 results to CSV and PostgreSQL.
2025-10-28 01:36:17,289 INFO Searching state=Allahabad High Court bench=Principal Bench, Allahabad kw=patel year=2022 type=party
2025-10-28 01:36:18,016 WARNING OCR failed or low confidence; aborting this search.
2025-10-28 01:36:21,331 INFO Searching state=Allahabad High Court bench=Principal Bench, Allahabad kw=patel year=2022 type=case_no
2025-10-28 01:36:22,758 INFO Saved 1 results to CSV and PostgreSQL.
2025-10-28 01:36:25,176 INFO Searching state=Allahabad High Court bench=Principal Bench, Allahabad kw=patel year=2023 type=party
2025-10-28 01:36:28,813 WARNING Invalid captcha or no results.
2025-10-28 01:36:31,954 INFO Searching state=Allahabad High Court bench=Principal Bench, Allahabad kw=patel year=2023 type=case_no
2025-10-28 01:36:33,784 INFO Saved 1 results to CSV and PostgreSQL.
2025-10-28 01:36:36,206 INFO Searching state=Allahabad High Court bench=Principal Bench, Allahabad kw=patel year=2024 type=party
2025-10-28 01:36:37,915 INFO Saved 1 results to CSV and PostgreSQL.
2025-10-28 01:36:41,190 INFO Searching state=Allahabad High Court bench=Principal Bench, Allahabad kw=patel year=2024 type=case_no
2025-10-28 01:36:42,489 INFO Saved 1 results to CSV and PostgreSQL.
2025-10-28 01:36:45,696 INFO \u2705 Scraping completed successfully.
